TN:
SF:dist/server.js
FN:2,(anonymous_0)
FN:17,(anonymous_1)
FNF:2
FNH:1
FNDA:3,(anonymous_0)
FNDA:0,(anonymous_1)
DA:2,1
DA:3,3
DA:5,1
DA:6,1
DA:7,1
DA:8,1
DA:9,1
DA:10,1
DA:11,1
DA:12,1
DA:13,1
DA:14,1
DA:15,1
DA:17,1
DA:18,0
DA:21,1
LF:16
LH:15
BRDA:2,0,0,1
BRDA:2,0,1,1
BRDA:2,0,2,1
BRDA:3,1,0,1
BRDA:3,1,1,2
BRDA:3,2,0,3
BRDA:3,2,1,3
BRF:7
BRH:7
end_of_record
TN:
SF:dist/controllers/randomFilm.js
FN:2,(anonymous_0)
FN:3,adopt
FN:3,(anonymous_2)
FN:4,(anonymous_3)
FN:5,fulfilled
FN:6,rejected
FN:7,step
FN:13,(anonymous_7)
FN:13,(anonymous_8)
FNF:9
FNH:7
FNDA:1,(anonymous_0)
FNDA:2,adopt
FNDA:0,(anonymous_2)
FNDA:1,(anonymous_3)
FNDA:2,fulfilled
FNDA:0,rejected
FNDA:3,step
FNDA:1,(anonymous_7)
FNDA:1,(anonymous_8)
DA:2,1
DA:3,2
DA:4,1
DA:5,2
DA:6,0
DA:7,3
DA:8,1
DA:11,1
DA:12,1
DA:13,1
DA:14,1
DA:15,1
DA:16,1
DA:17,1
DA:20,0
DA:21,0
DA:23,1
DA:24,1
DA:27,1
LF:19
LH:16
BRDA:2,0,0,1
BRDA:2,0,1,1
BRDA:2,0,2,1
BRDA:3,1,0,2
BRDA:3,1,1,0
BRDA:4,2,0,1
BRDA:4,2,1,1
BRDA:7,3,0,1
BRDA:7,3,1,2
BRDA:8,4,0,1
BRDA:8,4,1,1
BRF:11
BRH:10
end_of_record
TN:
SF:dist/routes/randomFilm.js
FN:2,(anonymous_0)
FNF:1
FNH:1
FNDA:1,(anonymous_0)
DA:2,1
DA:3,1
DA:5,1
DA:6,1
DA:7,1
DA:8,1
DA:9,1
DA:10,1
LF:8
LH:8
BRDA:2,0,0,1
BRDA:2,0,1,1
BRDA:2,0,2,1
BRDA:3,1,0,1
BRDA:3,1,1,0
BRDA:3,2,0,1
BRDA:3,2,1,1
BRF:7
BRH:6
end_of_record
TN:
SF:src/server.ts
FN:14,(anonymous_1)
FNF:1
FNH:0
FNDA:0,(anonymous_1)
DA:1,1
DA:2,1
DA:3,1
DA:4,1
DA:6,1
DA:8,1
DA:9,1
DA:10,1
DA:14,1
DA:15,0
DA:20,1
DA:22,1
LF:12
LH:11
BRF:0
BRH:0
end_of_record
TN:
SF:src/controllers/randomFilm.ts
FN:4,(anonymous_7)
FN:4,(anonymous_8)
FNF:2
FNH:2
FNDA:1,(anonymous_7)
FNDA:1,(anonymous_8)
DA:3,1
DA:4,1
DA:9,1
DA:11,1
DA:12,1
DA:16,1
DA:18,0
DA:19,0
DA:22,1
DA:24,1
DA:28,1
LF:11
LH:9
BRF:0
BRH:0
end_of_record
TN:
SF:src/routes/randomFilm.ts
FNF:0
FNH:0
DA:1,1
DA:2,1
DA:4,1
DA:6,1
DA:8,1
LF:5
LH:5
BRF:0
BRH:0
end_of_record
